<?xml version="1.0" encoding="UTF-8"?>
<!-- Generated by org.testng.reporters.JUnitReportReporter -->
<testsuite hostname="DESKTOP-2F680I6" failures="0" tests="1" name="firstproject.Selenium_Grid" time="7.202" errors="0" timestamp="2022-08-29T11:34:25 IST" skipped="0">
  <testcase classname="firstproject.Selenium_Grid" name="homePageCheck" time="7.202"/>
  <system-out/>
</testsuite> <!-- firstproject.Selenium_Grid -->
