<?xml version="1.0" encoding="UTF-8"?>
<!-- Generated by org.testng.reporters.JUnitReportReporter -->
<testsuite hostname="DESKTOP-2F680I6" failures="0" tests="5" name="newpackage.Flipkart" time="34.853" errors="0" timestamp="2022-08-24T17:29:16 IST" skipped="0">
  <testcase classname="newpackage.Flipkart" name="dproductopen" time="3.134"/>
  <system-out/>
  <testcase classname="newpackage.Flipkart" name="eaddtocart" time="14.581"/>
  <system-out/>
  <testcase classname="newpackage.Flipkart" name="citemclick" time="10.373"/>
  <system-out/>
  <testcase classname="newpackage.Flipkart" name="bsearch" time="2.181"/>
  <system-out/>
  <testcase classname="newpackage.Flipkart" name="aflipkartopen" time="4.584"/>
  <system-out/>
</testsuite> <!-- newpackage.Flipkart -->
