<?xml version="1.0" encoding="UTF-8"?>
<!-- Generated by org.testng.reporters.JUnitReportReporter -->
<testsuite hostname="DESKTOP-2F680I6" failures="0" tests="5" name="newpackage.Flipkart" time="31.401" errors="0" timestamp="2022-08-23T11:06:06 IST" skipped="0">
  <testcase classname="newpackage.Flipkart" name="bsearch" time="2.155"/>
  <system-out/>
  <testcase classname="newpackage.Flipkart" name="citemclick" time="10.344"/>
  <system-out/>
  <testcase classname="newpackage.Flipkart" name="aflipkartopen" time="4.142"/>
  <system-out/>
  <testcase classname="newpackage.Flipkart" name="dproductopen" time="3.165"/>
  <system-out/>
  <testcase classname="newpackage.Flipkart" name="eaddtocart" time="11.595"/>
  <system-out/>
</testsuite> <!-- newpackage.Flipkart -->
