<?xml version="1.0" encoding="UTF-8"?>
<!-- Generated by org.testng.reporters.JUnitReportReporter -->
<testsuite hostname="DESKTOP-2F680I6" failures="0" tests="1" name="testng.TestNGDemo1" time="8.001" errors="0" timestamp="2022-08-11T11:13:40 IST" skipped="0">
  <testcase classname="testng.TestNGDemo1" name="Navigation" time="8.001"/>
  <system-out/>
</testsuite> <!-- testng.TestNGDemo1 -->
