<?xml version="1.0" encoding="UTF-8"?>
<!-- Generated by org.testng.reporters.JUnitReportReporter -->
<testsuite hostname="DESKTOP-2F680I6" failures="0" tests="1" name="demo1.AsserTest" time="7.400" errors="0" timestamp="2022-08-17T16:58:32 IST" skipped="0">
  <testcase classname="demo1.AsserTest" name="verifytitle" time="7.400"/>
  <system-out/>
</testsuite> <!-- demo1.AsserTest -->
