<?xml version="1.0" encoding="UTF-8"?>
<!-- Generated by org.testng.reporters.JUnitReportReporter -->
<testsuite hostname="DESKTOP-2F680I6" failures="0" tests="4" name="demo2.AssertAmazon" time="84.246" errors="0" timestamp="2022-10-10T16:18:13 IST" skipped="0">
  <testcase classname="demo2.AssertAmazon" name="amazonopne" time="23.445"/>
  <system-out/>
  <testcase classname="demo2.AssertAmazon" name="search" time="11.323"/>
  <system-out/>
  <testcase classname="demo2.AssertAmazon" name="searchbutton" time="8.480"/>
  <system-out/>
  <testcase classname="demo2.AssertAmazon" name="cart" time="40.998"/>
  <system-out/>
</testsuite> <!-- demo2.AssertAmazon -->
