<?xml version="1.0" encoding="UTF-8"?>
<!-- Generated by org.testng.reporters.JUnitReportReporter -->
<testsuite hostname="DESKTOP-2F680I6" failures="0" tests="4" name="demo2.AssertAmazon" time="29.558" errors="0" timestamp="2022-08-18T16:41:25 IST" skipped="0">
  <testcase classname="demo2.AssertAmazon" name="amazonopne" time="5.519"/>
  <system-out/>
  <testcase classname="demo2.AssertAmazon" name="search" time="8.941"/>
  <system-out/>
  <testcase classname="demo2.AssertAmazon" name="searchbutton" time="8.489"/>
  <system-out/>
  <testcase classname="demo2.AssertAmazon" name="cart" time="6.609"/>
  <system-out/>
</testsuite> <!-- demo2.AssertAmazon -->
