<?xml version="1.0" encoding="UTF-8"?>
<!-- Generated by org.testng.reporters.JUnitReportReporter -->
<testsuite hostname="DESKTOP-2F680I6" failures="0" tests="8" name="dynamic.Flipkartdynamic" time="58.735" errors="0" timestamp="2022-08-24T13:19:43 IST" skipped="0">
  <testcase classname="dynamic.Flipkartdynamic" name="bopenoffers" time="6.091"/>
  <system-out/>
  <testcase classname="dynamic.Flipkartdynamic" name="cclickoffer" time="0.316"/>
  <system-out/>
  <testcase classname="dynamic.Flipkartdynamic" name="setup" time="1.274"/>
  <system-out/>
  <testcase classname="dynamic.Flipkartdynamic" name="cclickoffer" time="0.202"/>
  <system-out/>
  <testcase classname="dynamic.Flipkartdynamic" name="bopenoffers" time="6.126"/>
  <system-out/>
  <testcase classname="dynamic.Flipkartdynamic" name="setup" time="1.776"/>
  <system-out/>
  <testcase classname="dynamic.Flipkartdynamic" name="aflipkartopen" time="31.114"/>
  <system-out/>
  <testcase classname="dynamic.Flipkartdynamic" name="aflipkartopen" time="11.836"/>
  <system-out/>
</testsuite> <!-- dynamic.Flipkartdynamic -->
