<?xml version="1.0" encoding="UTF-8"?>
<!-- Generated by org.testng.reporters.JUnitReportReporter -->
<testsuite hostname="DESKTOP-2F680I6" failures="0" tests="10" name="dynamic.Flipkartdynamic" time="47.757" errors="0" timestamp="2022-08-25T15:30:49 IST" skipped="0">
  <testcase classname="dynamic.Flipkartdynamic" name="cclickoffer" time="0.172"/>
  <system-out/>
  <testcase classname="dynamic.Flipkartdynamic" name="cclickoffer" time="0.361"/>
  <system-out/>
  <testcase classname="dynamic.Flipkartdynamic" name="aflipkartopen" time="15.060"/>
  <system-out/>
  <testcase classname="dynamic.Flipkartdynamic" name="share" time="4.149"/>
  <system-out/>
  <testcase classname="dynamic.Flipkartdynamic" name="aflipkartopen" time="7.060"/>
  <system-out/>
  <testcase classname="dynamic.Flipkartdynamic" name="share" time="4.188"/>
  <system-out/>
  <testcase classname="dynamic.Flipkartdynamic" name="bopenoffers" time="6.106"/>
  <system-out/>
  <testcase classname="dynamic.Flipkartdynamic" name="openproduct" time="2.288"/>
  <system-out/>
  <testcase classname="dynamic.Flipkartdynamic" name="bopenoffers" time="6.128"/>
  <system-out/>
  <testcase classname="dynamic.Flipkartdynamic" name="openproduct" time="2.245"/>
  <system-out/>
</testsuite> <!-- dynamic.Flipkartdynamic -->
