<?xml version="1.0" encoding="UTF-8"?>
<!-- Generated by org.testng.reporters.JUnitReportReporter -->
<testsuite hostname="DESKTOP-2F680I6" failures="0" tests="4" name="dynamic.Flipkartdynamic" time="64.564" errors="0" timestamp="2022-10-10T16:26:56 IST" skipped="0">
  <testcase classname="dynamic.Flipkartdynamic" name="aflipkartopen" time="52.995"/>
  <system-out/>
  <testcase classname="dynamic.Flipkartdynamic" name="cclickoffer" time="0.112"/>
  <system-out/>
  <testcase classname="dynamic.Flipkartdynamic" name="bopenoffers" time="6.199"/>
  <system-out/>
  <testcase classname="dynamic.Flipkartdynamic" name="openproduct" time="5.258"/>
  <system-out/>
</testsuite> <!-- dynamic.Flipkartdynamic -->
