<?xml version="1.0" encoding="UTF-8"?>
<!-- Generated by org.testng.reporters.JUnitReportReporter -->
<testsuite hostname="DESKTOP-2F680I6" failures="0" tests="5" name="projecttrial.app1" time="23.818" errors="0" timestamp="2022-08-22T15:20:44 IST" skipped="0">
  <testcase classname="projecttrial.app1" name="aflipkartopen" time="4.657"/>
  <system-out/>
  <testcase classname="projecttrial.app1" name="citemclick" time="8.152"/>
  <system-out/>
  <testcase classname="projecttrial.app1" name="dopenproduct" time="4.117"/>
  <system-out/>
  <testcase classname="projecttrial.app1" name="bsearch" time="2.151"/>
  <system-out/>
  <testcase classname="projecttrial.app1" name="eopencart" time="4.741"/>
  <system-out/>
</testsuite> <!-- projecttrial.app1 -->
